  common.c
  convolution.template.c
D:\llk\wavelet\wavelet\common.c(29,12): warning C4244: “return”: 从“unsigned long”转换到“unsigned char”，可能丢失数据
  wavelets.c
  正在生成代码...
  test.cpp
D:\wavelets_c\wt.template.h(10,1): warning C4005: “TYPE”: 宏重定义
  (编译源文件“test.cpp”)
  D:\wavelets_c\wt.h(21,1):
  参见“TYPE”的前一个定义
  
D:\llk\wavelet\wavelet\wt.template.c(143,21): warning C4267: “参数”: 从“size_t”转换到“unsigned int”，可能丢失数据
  (编译源文件“test.cpp”)
  
D:\llk\wavelet\wavelet\wt.template.c(142,55): warning C4267: “参数”: 从“size_t”转换到“pywt_index_t”，可能丢失数据
  (编译源文件“test.cpp”)
  
D:\llk\wavelet\wavelet\wt.template.c(140,67): warning C4267: “参数”: 从“size_t”转换到“pywt_index_t”，可能丢失数据
  (编译源文件“test.cpp”)
  
D:\llk\wavelet\wavelet\wt.template.c(149,21): warning C4267: “参数”: 从“size_t”转换到“unsigned int”，可能丢失数据
  (编译源文件“test.cpp”)
  
D:\llk\wavelet\wavelet\wt.template.c(148,55): warning C4267: “参数”: 从“size_t”转换到“pywt_index_t”，可能丢失数据
  (编译源文件“test.cpp”)
  
D:\llk\wavelet\wavelet\wt.template.c(146,67): warning C4267: “参数”: 从“size_t”转换到“pywt_index_t”，可能丢失数据
  (编译源文件“test.cpp”)
  
D:\llk\wavelet\wavelet\wt.template.c(513,16): warning C4267: “参数”: 从“size_t”转换到“pywt_index_t”，可能丢失数据
  (编译源文件“test.cpp”)
  
D:\llk\wavelet\wavelet\wt.template.c(524,16): warning C4267: “参数”: 从“size_t”转换到“pywt_index_t”，可能丢失数据
  (编译源文件“test.cpp”)
  
D:\llk\wavelet\wavelet\common.c(29,12): warning C4244: “return”: 从“unsigned long”转换到“unsigned char”，可能丢失数据
  (编译源文件“test.cpp”)
  
D:\llk\wavelet\wavelet\wpt_node.h(80,93): warning C5037: Node<T>::Node: 类模板的成员的外部定义不得具有默认参数
  (编译源文件“test.cpp”)
  
D:\llk\wavelet\wavelet\test.cpp(10,35): warning C4305: “初始化”: 从“double”到“_Ty”截断
D:\llk\wavelet\wavelet\test.cpp(10,35): warning C4305:         with
D:\llk\wavelet\wavelet\test.cpp(10,35): warning C4305:         [
D:\llk\wavelet\wavelet\test.cpp(10,35): warning C4305:             _Ty=float
D:\llk\wavelet\wavelet\test.cpp(10,35): warning C4305:         ]
D:\llk\wavelet\wavelet\test.cpp(11,2): warning C4305: “初始化”: 从“double”到“_Ty”截断
D:\llk\wavelet\wavelet\test.cpp(11,2): warning C4305:         with
D:\llk\wavelet\wavelet\test.cpp(11,2): warning C4305:         [
D:\llk\wavelet\wavelet\test.cpp(11,2): warning C4305:             _Ty=float
D:\llk\wavelet\wavelet\test.cpp(11,2): warning C4305:         ]
D:\llk\wavelet\wavelet\test.cpp(12,2): warning C4305: “初始化”: 从“double”到“_Ty”截断
D:\llk\wavelet\wavelet\test.cpp(12,2): warning C4305:         with
D:\llk\wavelet\wavelet\test.cpp(12,2): warning C4305:         [
D:\llk\wavelet\wavelet\test.cpp(12,2): warning C4305:             _Ty=float
D:\llk\wavelet\wavelet\test.cpp(12,2): warning C4305:         ]
D:\llk\wavelet\wavelet\test.cpp(13,1): warning C4305: “初始化”: 从“double”到“_Ty”截断
D:\llk\wavelet\wavelet\test.cpp(13,1): warning C4305:         with
D:\llk\wavelet\wavelet\test.cpp(13,1): warning C4305:         [
D:\llk\wavelet\wavelet\test.cpp(13,1): warning C4305:             _Ty=float
D:\llk\wavelet\wavelet\test.cpp(13,1): warning C4305:         ]
D:\llk\wavelet\wavelet\test.cpp(14,2): warning C4305: “初始化”: 从“double”到“_Ty”截断
D:\llk\wavelet\wavelet\test.cpp(14,2): warning C4305:         with
D:\llk\wavelet\wavelet\test.cpp(14,2): warning C4305:         [
D:\llk\wavelet\wavelet\test.cpp(14,2): warning C4305:             _Ty=float
D:\llk\wavelet\wavelet\test.cpp(14,2): warning C4305:         ]
D:\llk\wavelet\wavelet\test.cpp(15,1): warning C4305: “初始化”: 从“double”到“_Ty”截断
D:\llk\wavelet\wavelet\test.cpp(15,1): warning C4305:         with
D:\llk\wavelet\wavelet\test.cpp(15,1): warning C4305:         [
D:\llk\wavelet\wavelet\test.cpp(15,1): warning C4305:             _Ty=float
D:\llk\wavelet\wavelet\test.cpp(15,1): warning C4305:         ]
D:\llk\wavelet\wavelet\test.cpp(16,2): warning C4305: “初始化”: 从“double”到“_Ty”截断
D:\llk\wavelet\wavelet\test.cpp(16,2): warning C4305:         with
D:\llk\wavelet\wavelet\test.cpp(16,2): warning C4305:         [
D:\llk\wavelet\wavelet\test.cpp(16,2): warning C4305:             _Ty=float
D:\llk\wavelet\wavelet\test.cpp(16,2): warning C4305:         ]
D:\llk\wavelet\wavelet\test.cpp(17,1): warning C4305: “初始化”: 从“double”到“_Ty”截断
D:\llk\wavelet\wavelet\test.cpp(17,1): warning C4305:         with
D:\llk\wavelet\wavelet\test.cpp(17,1): warning C4305:         [
D:\llk\wavelet\wavelet\test.cpp(17,1): warning C4305:             _Ty=float
D:\llk\wavelet\wavelet\test.cpp(17,1): warning C4305:         ]
D:\llk\wavelet\wavelet\test.cpp(18,2): warning C4305: “初始化”: 从“double”到“_Ty”截断
D:\llk\wavelet\wavelet\test.cpp(18,2): warning C4305:         with
D:\llk\wavelet\wavelet\test.cpp(18,2): warning C4305:         [
D:\llk\wavelet\wavelet\test.cpp(18,2): warning C4305:             _Ty=float
D:\llk\wavelet\wavelet\test.cpp(18,2): warning C4305:         ]
D:\llk\wavelet\wavelet\test.cpp(19,1): warning C4305: “初始化”: 从“double”到“_Ty”截断
D:\llk\wavelet\wavelet\test.cpp(19,1): warning C4305:         with
D:\llk\wavelet\wavelet\test.cpp(19,1): warning C4305:         [
D:\llk\wavelet\wavelet\test.cpp(19,1): warning C4305:             _Ty=float
D:\llk\wavelet\wavelet\test.cpp(19,1): warning C4305:         ]
D:\llk\wavelet\wavelet\test.cpp(20,1): warning C4305: “初始化”: 从“double”到“_Ty”截断
D:\llk\wavelet\wavelet\test.cpp(20,1): warning C4305:         with
D:\llk\wavelet\wavelet\test.cpp(20,1): warning C4305:         [
D:\llk\wavelet\wavelet\test.cpp(20,1): warning C4305:             _Ty=float
D:\llk\wavelet\wavelet\test.cpp(20,1): warning C4305:         ]
D:\llk\wavelet\wavelet\test.cpp(21,1): warning C4305: “初始化”: 从“double”到“_Ty”截断
D:\llk\wavelet\wavelet\test.cpp(21,1): warning C4305:         with
D:\llk\wavelet\wavelet\test.cpp(21,1): warning C4305:         [
D:\llk\wavelet\wavelet\test.cpp(21,1): warning C4305:             _Ty=float
D:\llk\wavelet\wavelet\test.cpp(21,1): warning C4305:         ]
D:\llk\wavelet\wavelet\test.cpp(22,1): warning C4305: “初始化”: 从“double”到“_Ty”截断
D:\llk\wavelet\wavelet\test.cpp(22,1): warning C4305:         with
D:\llk\wavelet\wavelet\test.cpp(22,1): warning C4305:         [
D:\llk\wavelet\wavelet\test.cpp(22,1): warning C4305:             _Ty=float
D:\llk\wavelet\wavelet\test.cpp(22,1): warning C4305:         ]
D:\llk\wavelet\wavelet\test.cpp(23,2): warning C4305: “初始化”: 从“double”到“_Ty”截断
D:\llk\wavelet\wavelet\test.cpp(23,2): warning C4305:         with
D:\llk\wavelet\wavelet\test.cpp(23,2): warning C4305:         [
D:\llk\wavelet\wavelet\test.cpp(23,2): warning C4305:             _Ty=float
D:\llk\wavelet\wavelet\test.cpp(23,2): warning C4305:         ]
D:\llk\wavelet\wavelet\test.cpp(24,1): warning C4305: “初始化”: 从“double”到“_Ty”截断
D:\llk\wavelet\wavelet\test.cpp(24,1): warning C4305:         with
D:\llk\wavelet\wavelet\test.cpp(24,1): warning C4305:         [
D:\llk\wavelet\wavelet\test.cpp(24,1): warning C4305:             _Ty=float
D:\llk\wavelet\wavelet\test.cpp(24,1): warning C4305:         ]
D:\llk\wavelet\wavelet\test.cpp(25,1): warning C4305: “初始化”: 从“double”到“_Ty”截断
D:\llk\wavelet\wavelet\test.cpp(25,1): warning C4305:         with
D:\llk\wavelet\wavelet\test.cpp(25,1): warning C4305:         [
D:\llk\wavelet\wavelet\test.cpp(25,1): warning C4305:             _Ty=float
D:\llk\wavelet\wavelet\test.cpp(25,1): warning C4305:         ]
  wavelet.vcxproj -> D:\llk\wavelet\x64\Debug\wavelet.exe
